2022-11-17 18:42:44,597 [Worker-2: Loading available Gradle versions] INFO  o.e.b.c.i.u.g.PublishedGradleVersions - Gradle version information cache is not available. Remote download required.
2022-11-18 14:23:21,895 [Worker-3: Loading available Gradle versions] INFO  o.e.b.c.i.u.g.PublishedGradleVersions - Gradle version information cache is up-to-date. Trying to read.
2022-12-06 20:52:22,746 [Worker-0: Loading available Gradle versions] INFO  o.e.b.c.i.u.g.PublishedGradleVersions - Gradle version information cache is out-of-date. Trying to update.
2022-12-21 21:06:32,647 [Worker-0: Loading available Gradle versions] INFO  o.e.b.c.i.u.g.PublishedGradleVersions - Gradle version information cache is out-of-date. Trying to update.
2022-12-22 21:05:52,358 [Worker-0: Loading available Gradle versions] INFO  o.e.b.c.i.u.g.PublishedGradleVersions - Gradle version information cache is up-to-date. Trying to read.
2022-12-22 21:24:55,674 [Worker-2: Loading available Gradle versions] INFO  o.e.b.c.i.u.g.PublishedGradleVersions - Gradle version information cache is out-of-date. Trying to update.
2022-12-30 20:52:06,461 [Worker-1: Loading available Gradle versions] INFO  o.e.b.c.i.u.g.PublishedGradleVersions - Gradle version information cache is out-of-date. Trying to update.
2022-12-30 22:29:00,355 [Start Help Server] INFO  org.eclipse.jetty.server.Server - jetty-10.0.11; built: 2022-06-21T21:12:44.640Z; git: d988aa016e0bb2de6fba84c1659049c72eae3e32; jvm 17.0.5+8
2022-12-30 22:29:00,461 [Start Help Server] INFO  o.e.j.s.s.DefaultSessionIdManager - Session workerName=node0
2022-12-30 22:29:00,538 [Start Help Server] INFO  o.e.j.server.handler.ContextHandler - Started o.e.j.s.ServletContextHandler@20b27782{/help,null,AVAILABLE}
2022-12-30 22:29:00,566 [Start Help Server] INFO  o.e.jetty.server.AbstractConnector - Started ServerConnector@13211316{HTTP/1.1, (http/1.1)}{127.0.0.1:58761}
2022-12-30 22:29:00,570 [Start Help Server] INFO  org.eclipse.jetty.server.Server - Started Server@483d5f7a{STARTING}[10.0.11,sto=0] @5849735ms
2022-12-30 23:30:13,302 [Stop Help Server] INFO  org.eclipse.jetty.server.Server - Stopped Server@483d5f7a{STOPPING}[10.0.11,sto=0]
2022-12-30 23:30:13,307 [Stop Help Server] INFO  o.e.jetty.server.AbstractConnector - Stopped ServerConnector@13211316{HTTP/1.1, (http/1.1)}{127.0.0.1:0}
2022-12-30 23:30:13,324 [Stop Help Server] INFO  o.e.j.server.handler.ContextHandler - Stopped o.e.j.s.ServletContextHandler@20b27782{/help,null,STOPPED}
2023-01-02 19:23:22,588 [Worker-3: Loading available Gradle versions] INFO  o.e.b.c.i.u.g.PublishedGradleVersions - Gradle version information cache is out-of-date. Trying to update.
2023-01-06 11:38:07,103 [Worker-3: Loading available Gradle versions] INFO  o.e.b.c.i.u.g.PublishedGradleVersions - Gradle version information cache is out-of-date. Trying to update.
2023-01-06 11:43:38,520 [Worker-1: Loading available Gradle versions] INFO  o.e.b.c.i.u.g.PublishedGradleVersions - Gradle version information cache is up-to-date. Trying to read.
2023-01-08 17:01:26,804 [Worker-3: Loading available Gradle versions] INFO  o.e.b.c.i.u.g.PublishedGradleVersions - Gradle version information cache is out-of-date. Trying to update.
2023-01-08 17:02:29,667 [Start Help Server] INFO  org.eclipse.jetty.server.Server - jetty-10.0.11; built: 2022-06-21T21:12:44.640Z; git: d988aa016e0bb2de6fba84c1659049c72eae3e32; jvm 17.0.5+8
2023-01-08 17:02:29,721 [Start Help Server] INFO  o.e.j.s.s.DefaultSessionIdManager - Session workerName=node0
2023-01-08 17:02:29,778 [Start Help Server] INFO  o.e.j.server.handler.ContextHandler - Started o.e.j.s.ServletContextHandler@8fd4c6{/help,null,AVAILABLE}
2023-01-08 17:02:29,804 [Start Help Server] INFO  o.e.jetty.server.AbstractConnector - Started ServerConnector@1c305e8e{HTTP/1.1, (http/1.1)}{127.0.0.1:58354}
2023-01-08 17:02:29,877 [Start Help Server] INFO  org.eclipse.jetty.server.Server - Started Server@4e47483c{STARTING}[10.0.11,sto=0] @108336ms
2023-01-08 22:47:00,282 [Stop Help Server] INFO  org.eclipse.jetty.server.Server - Stopped Server@4e47483c{STOPPING}[10.0.11,sto=0]
2023-01-08 22:47:00,366 [Stop Help Server] INFO  o.e.jetty.server.AbstractConnector - Stopped ServerConnector@1c305e8e{HTTP/1.1, (http/1.1)}{127.0.0.1:0}
2023-01-08 22:47:00,454 [Stop Help Server] INFO  o.e.j.server.handler.ContextHandler - Stopped o.e.j.s.ServletContextHandler@8fd4c6{/help,null,STOPPED}
2023-01-10 21:02:00,455 [Worker-1: Loading available Gradle versions] INFO  o.e.b.c.i.u.g.PublishedGradleVersions - Gradle version information cache is out-of-date. Trying to update.
